# JRE version: OpenJDK Runtime Environment (8.0_345-b01) (build 1.8.0_345-b01)
# Java VM: OpenJDK 64-Bit Server VM (25.345-b01 mixed mode windows-amd64 compressed oops)
Heap:
 PSYoungGen      total 160256K, used 89829K [0x00000000f5580000, 0x0000000100000000, 0x0000000100000000)
  eden space 145408K, 61% used [0x00000000f5580000,0x00000000fad394a8,0x00000000fe380000)
  from space 14848K, 0% used [0x00000000ff180000,0x00000000ff180000,0x0000000100000000)
  to   space 14336K, 0% used [0x00000000fe380000,0x00000000fe380000,0x00000000ff180000)
 ParOldGen       total 175104K, used 15504K [0x00000000e0000000, 0x00000000eab00000, 0x00000000f5580000)
  object space 175104K, 8% used [0x00000000e0000000,0x00000000e0f241e8,0x00000000eab00000)
 Metaspace       used 39993K, capacity 41908K, committed 41984K, reserved 1085440K
  class space    used 5735K, capacity 6129K, committed 6144K, reserved 1048576K
GC Heap History (10 events):
Event: 1.259 GC heap before
{Heap before GC invocations=4 (full 0):
 PSYoungGen      total 76288K, used 47810K [0x00000000f5580000, 0x00000000fea80000, 0x0000000100000000)
  eden space 65536K, 56% used [0x00000000f5580000,0x00000000f79dee78,0x00000000f9580000)
  from space 10752K, 98% used [0x00000000f9580000,0x00000000f9fd1b98,0x00000000fa000000)
  to   space 10752K, 0% used [0x00000000fe000000,0x00000000fe000000,0x00000000fea80000)
 ParOldGen       total 175104K, used 32K [0x00000000e0000000, 0x00000000eab00000, 0x00000000f5580000)
  object space 175104K, 0% used [0x00000000e0000000,0x00000000e0008000,0x00000000eab00000)
 Metaspace       used 20467K, capacity 21126K, committed 21296K, reserved 1067008K
  class space    used 3022K, capacity 3177K, committed 3200K, reserved 1048576K
Event: 1.263 GC heap after
Heap after GC invocations=4 (full 0):
 PSYoungGen      total 141824K, used 10267K [0x00000000f5580000, 0x00000000fea80000, 0x0000000100000000)
  eden space 131072K, 0% used [0x00000000f5580000,0x00000000f5580000,0x00000000fd580000)
  from space 10752K, 95% used [0x00000000fe000000,0x00000000fea06df8,0x00000000fea80000)
  to   space 10752K, 0% used [0x00000000fd580000,0x00000000fd580000,0x00000000fe000000)
 ParOldGen       total 175104K, used 40K [0x00000000e0000000, 0x00000000eab00000, 0x00000000f5580000)
  object space 175104K, 0% used [0x00000000e0000000,0x00000000e000a000,0x00000000eab00000)
 Metaspace       used 20467K, capacity 21126K, committed 21296K, reserved 1067008K
  class space    used 3022K, capacity 3177K, committed 3200K, reserved 1048576K
}
Event: 1.263 GC heap before
{Heap before GC invocations=5 (full 1):
 PSYoungGen      total 141824K, used 10267K [0x00000000f5580000, 0x00000000fea80000, 0x0000000100000000)
  eden space 131072K, 0% used [0x00000000f5580000,0x00000000f5580000,0x00000000fd580000)
  from space 10752K, 95% used [0x00000000fe000000,0x00000000fea06df8,0x00000000fea80000)
  to   space 10752K, 0% used [0x00000000fd580000,0x00000000fd580000,0x00000000fe000000)
 ParOldGen       total 175104K, used 40K [0x00000000e0000000, 0x00000000eab00000, 0x00000000f5580000)
  object space 175104K, 0% used [0x00000000e0000000,0x00000000e000a000,0x00000000eab00000)
 Metaspace       used 20467K, capacity 21126K, committed 21296K, reserved 1067008K
  class space    used 3022K, capacity 3177K, committed 3200K, reserved 1048576K
Event: 1.277 GC heap after
Heap after GC invocations=5 (full 1):
 PSYoungGen      total 141824K, used 0K [0x00000000f5580000, 0x00000000fea80000, 0x0000000100000000)
  eden space 131072K, 0% used [0x00000000f5580000,0x00000000f5580000,0x00000000fd580000)
  from space 10752K, 0% used [0x00000000fe000000,0x00000000fe000000,0x00000000fea80000)
  to   space 10752K, 0% used [0x00000000fd580000,0x00000000fd580000,0x00000000fe000000)
 ParOldGen       total 175104K, used 9910K [0x00000000e0000000, 0x00000000eab00000, 0x00000000f5580000)
  object space 175104K, 5% used [0x00000000e0000000,0x00000000e09ad9a0,0x00000000eab00000)
 Metaspace       used 20467K, capacity 21126K, committed 21296K, reserved 1067008K
  class space    used 3022K, capacity 3177K, committed 3200K, reserved 1048576K
}
Event: 1.809 GC heap before
{Heap before GC invocations=6 (full 1):
 PSYoungGen      total 141824K, used 131072K [0x00000000f5580000, 0x00000000fea80000, 0x0000000100000000)
  eden space 131072K, 100% used [0x00000000f5580000,0x00000000fd580000,0x00000000fd580000)
  from space 10752K, 0% used [0x00000000fe000000,0x00000000fe000000,0x00000000fea80000)
  to   space 10752K, 0% used [0x00000000fd580000,0x00000000fd580000,0x00000000fe000000)
 ParOldGen       total 175104K, used 9910K [0x00000000e0000000, 0x00000000eab00000, 0x00000000f5580000)
  object space 175104K, 5% used [0x00000000e0000000,0x00000000e09ad9a0,0x00000000eab00000)
 Metaspace       used 32197K, capacity 33550K, committed 33920K, reserved 1079296K
  class space    used 4574K, capacity 4876K, committed 4992K, reserved 1048576K
Event: 1.815 GC heap after
Heap after GC invocations=6 (full 1):
 PSYoungGen      total 141824K, used 10751K [0x00000000f5580000, 0x0000000100000000, 0x0000000100000000)
  eden space 131072K, 0% used [0x00000000f5580000,0x00000000f5580000,0x00000000fd580000)
  from space 10752K, 99% used [0x00000000fd580000,0x00000000fdfffdc0,0x00000000fe000000)
  to   space 14848K, 0% used [0x00000000ff180000,0x00000000ff180000,0x0000000100000000)
 ParOldGen       total 175104K, used 12101K [0x00000000e0000000, 0x00000000eab00000, 0x00000000f5580000)
  object space 175104K, 6% used [0x00000000e0000000,0x00000000e0bd1458,0x00000000eab00000)
 Metaspace       used 32197K, capacity 33550K, committed 33920K, reserved 1079296K
  class space    used 4574K, capacity 4876K, committed 4992K, reserved 1048576K
}
Event: 1.941 GC heap before
{Heap before GC invocations=7 (full 1):
 PSYoungGen      total 141824K, used 47329K [0x00000000f5580000, 0x0000000100000000, 0x0000000100000000)
  eden space 131072K, 27% used [0x00000000f5580000,0x00000000f79389e0,0x00000000fd580000)
  from space 10752K, 99% used [0x00000000fd580000,0x00000000fdfffdc0,0x00000000fe000000)
  to   space 14848K, 0% used [0x00000000ff180000,0x00000000ff180000,0x0000000100000000)
 ParOldGen       total 175104K, used 12101K [0x00000000e0000000, 0x00000000eab00000, 0x00000000f5580000)
  object space 175104K, 6% used [0x00000000e0000000,0x00000000e0bd1458,0x00000000eab00000)
 Metaspace       used 33965K, capacity 35334K, committed 35456K, reserved 1079296K
  class space    used 4844K, capacity 5158K, committed 5248K, reserved 1048576K
Event: 1.945 GC heap after
Heap after GC invocations=7 (full 1):
 PSYoungGen      total 160256K, used 8187K [0x00000000f5580000, 0x0000000100000000, 0x0000000100000000)
  eden space 145408K, 0% used [0x00000000f5580000,0x00000000f5580000,0x00000000fe380000)
  from space 14848K, 55% used [0x00000000ff180000,0x00000000ff97ef68,0x0000000100000000)
  to   space 14336K, 0% used [0x00000000fe380000,0x00000000fe380000,0x00000000ff180000)
 ParOldGen       total 175104K, used 12109K [0x00000000e0000000, 0x00000000eab00000, 0x00000000f5580000)
  object space 175104K, 6% used [0x00000000e0000000,0x00000000e0bd3458,0x00000000eab00000)
 Metaspace       used 33965K, capacity 35334K, committed 35456K, reserved 1079296K
  class space    used 4844K, capacity 5158K, committed 5248K, reserved 1048576K
}
Event: 1.945 GC heap before
{Heap before GC invocations=8 (full 2):
 PSYoungGen      total 160256K, used 8187K [0x00000000f5580000, 0x0000000100000000, 0x0000000100000000)
  eden space 145408K, 0% used [0x00000000f5580000,0x00000000f5580000,0x00000000fe380000)
  from space 14848K, 55% used [0x00000000ff180000,0x00000000ff97ef68,0x0000000100000000)
  to   space 14336K, 0% used [0x00000000fe380000,0x00000000fe380000,0x00000000ff180000)
 ParOldGen       total 175104K, used 12109K [0x00000000e0000000, 0x00000000eab00000, 0x00000000f5580000)
  object space 175104K, 6% used [0x00000000e0000000,0x00000000e0bd3458,0x00000000eab00000)
 Metaspace       used 33965K, capacity 35334K, committed 35456K, reserved 1079296K
  class space    used 4844K, capacity 5158K, committed 5248K, reserved 1048576K
Event: 1.966 GC heap after
Heap after GC invocations=8 (full 2):
 PSYoungGen      total 160256K, used 0K [0x00000000f5580000, 0x0000000100000000, 0x0000000100000000)
  eden space 145408K, 0% used [0x00000000f5580000,0x00000000f5580000,0x00000000fe380000)
  from space 14848K, 0% used [0x00000000ff180000,0x00000000ff180000,0x0000000100000000)
  to   space 14336K, 0% used [0x00000000fe380000,0x00000000fe380000,0x00000000ff180000)
 ParOldGen       total 175104K, used 15504K [0x00000000e0000000, 0x00000000eab00000, 0x00000000f5580000)
  object space 175104K, 8% used [0x00000000e0000000,0x00000000e0f241e8,0x00000000eab00000)
 Metaspace       used 33965K, capacity 35334K, committed 35456K, reserved 1079296K
  class space    used 4844K, capacity 5158K, committed 5248K, reserved 1048576K
}

