# JRE version: OpenJDK Runtime Environment (8.0_345-b01) (build 1.8.0_345-b01)
# Java VM: OpenJDK 64-Bit Server VM (25.345-b01 mixed mode windows-amd64 compressed oops)
Heap:
 PSYoungGen      total 160256K, used 89400K [0x00000000f5580000, 0x0000000100000000, 0x0000000100000000)
  eden space 145408K, 61% used [0x00000000f5580000,0x00000000facce3f8,0x00000000fe380000)
  from space 14848K, 0% used [0x00000000ff180000,0x00000000ff180000,0x0000000100000000)
  to   space 14336K, 0% used [0x00000000fe380000,0x00000000fe380000,0x00000000ff180000)
 ParOldGen       total 175104K, used 15509K [0x00000000e0000000, 0x00000000eab00000, 0x00000000f5580000)
  object space 175104K, 8% used [0x00000000e0000000,0x00000000e0f255d8,0x00000000eab00000)
 Metaspace       used 39931K, capacity 41792K, committed 41984K, reserved 1085440K
  class space    used 5719K, capacity 6119K, committed 6144K, reserved 1048576K
GC Heap History (10 events):
Event: 1.521 GC heap before
{Heap before GC invocations=4 (full 0):
 PSYoungGen      total 76288K, used 48195K [0x00000000f5580000, 0x00000000fea80000, 0x0000000100000000)
  eden space 65536K, 57% used [0x00000000f5580000,0x00000000f7a4f330,0x00000000f9580000)
  from space 10752K, 97% used [0x00000000f9580000,0x00000000f9fc1b78,0x00000000fa000000)
  to   space 10752K, 0% used [0x00000000fe000000,0x00000000fe000000,0x00000000fea80000)
 ParOldGen       total 175104K, used 32K [0x00000000e0000000, 0x00000000eab00000, 0x00000000f5580000)
  object space 175104K, 0% used [0x00000000e0000000,0x00000000e0008000,0x00000000eab00000)
 Metaspace       used 20467K, capacity 21130K, committed 21296K, reserved 1067008K
  class space    used 3022K, capacity 3177K, committed 3200K, reserved 1048576K
Event: 1.526 GC heap after
Heap after GC invocations=4 (full 0):
 PSYoungGen      total 141824K, used 10281K [0x00000000f5580000, 0x00000000fea80000, 0x0000000100000000)
  eden space 131072K, 0% used [0x00000000f5580000,0x00000000f5580000,0x00000000fd580000)
  from space 10752K, 95% used [0x00000000fe000000,0x00000000fea0a710,0x00000000fea80000)
  to   space 10752K, 0% used [0x00000000fd580000,0x00000000fd580000,0x00000000fe000000)
 ParOldGen       total 175104K, used 40K [0x00000000e0000000, 0x00000000eab00000, 0x00000000f5580000)
  object space 175104K, 0% used [0x00000000e0000000,0x00000000e000a000,0x00000000eab00000)
 Metaspace       used 20467K, capacity 21130K, committed 21296K, reserved 1067008K
  class space    used 3022K, capacity 3177K, committed 3200K, reserved 1048576K
}
Event: 1.526 GC heap before
{Heap before GC invocations=5 (full 1):
 PSYoungGen      total 141824K, used 10281K [0x00000000f5580000, 0x00000000fea80000, 0x0000000100000000)
  eden space 131072K, 0% used [0x00000000f5580000,0x00000000f5580000,0x00000000fd580000)
  from space 10752K, 95% used [0x00000000fe000000,0x00000000fea0a710,0x00000000fea80000)
  to   space 10752K, 0% used [0x00000000fd580000,0x00000000fd580000,0x00000000fe000000)
 ParOldGen       total 175104K, used 40K [0x00000000e0000000, 0x00000000eab00000, 0x00000000f5580000)
  object space 175104K, 0% used [0x00000000e0000000,0x00000000e000a000,0x00000000eab00000)
 Metaspace       used 20467K, capacity 21130K, committed 21296K, reserved 1067008K
  class space    used 3022K, capacity 3177K, committed 3200K, reserved 1048576K
Event: 1.542 GC heap after
Heap after GC invocations=5 (full 1):
 PSYoungGen      total 141824K, used 0K [0x00000000f5580000, 0x00000000fea80000, 0x0000000100000000)
  eden space 131072K, 0% used [0x00000000f5580000,0x00000000f5580000,0x00000000fd580000)
  from space 10752K, 0% used [0x00000000fe000000,0x00000000fe000000,0x00000000fea80000)
  to   space 10752K, 0% used [0x00000000fd580000,0x00000000fd580000,0x00000000fe000000)
 ParOldGen       total 175104K, used 9929K [0x00000000e0000000, 0x00000000eab00000, 0x00000000f5580000)
  object space 175104K, 5% used [0x00000000e0000000,0x00000000e09b2738,0x00000000eab00000)
 Metaspace       used 20467K, capacity 21130K, committed 21296K, reserved 1067008K
  class space    used 3022K, capacity 3177K, committed 3200K, reserved 1048576K
}
Event: 2.232 GC heap before
{Heap before GC invocations=6 (full 1):
 PSYoungGen      total 141824K, used 131072K [0x00000000f5580000, 0x00000000fea80000, 0x0000000100000000)
  eden space 131072K, 100% used [0x00000000f5580000,0x00000000fd580000,0x00000000fd580000)
  from space 10752K, 0% used [0x00000000fe000000,0x00000000fe000000,0x00000000fea80000)
  to   space 10752K, 0% used [0x00000000fd580000,0x00000000fd580000,0x00000000fe000000)
 ParOldGen       total 175104K, used 9929K [0x00000000e0000000, 0x00000000eab00000, 0x00000000f5580000)
  object space 175104K, 5% used [0x00000000e0000000,0x00000000e09b2738,0x00000000eab00000)
 Metaspace       used 32197K, capacity 33484K, committed 33664K, reserved 1077248K
  class space    used 4575K, capacity 4875K, committed 4992K, reserved 1048576K
Event: 2.240 GC heap after
Heap after GC invocations=6 (full 1):
 PSYoungGen      total 141824K, used 10739K [0x00000000f5580000, 0x0000000100000000, 0x0000000100000000)
  eden space 131072K, 0% used [0x00000000f5580000,0x00000000f5580000,0x00000000fd580000)
  from space 10752K, 99% used [0x00000000fd580000,0x00000000fdffccd8,0x00000000fe000000)
  to   space 14848K, 0% used [0x00000000ff180000,0x00000000ff180000,0x0000000100000000)
 ParOldGen       total 175104K, used 12150K [0x00000000e0000000, 0x00000000eab00000, 0x00000000f5580000)
  object space 175104K, 6% used [0x00000000e0000000,0x00000000e0bdd9f0,0x00000000eab00000)
 Metaspace       used 32197K, capacity 33484K, committed 33664K, reserved 1077248K
  class space    used 4575K, capacity 4875K, committed 4992K, reserved 1048576K
}
Event: 2.391 GC heap before
{Heap before GC invocations=7 (full 1):
 PSYoungGen      total 141824K, used 45810K [0x00000000f5580000, 0x0000000100000000, 0x0000000100000000)
  eden space 131072K, 26% used [0x00000000f5580000,0x00000000f77bfbb0,0x00000000fd580000)
  from space 10752K, 99% used [0x00000000fd580000,0x00000000fdffccd8,0x00000000fe000000)
  to   space 14848K, 0% used [0x00000000ff180000,0x00000000ff180000,0x0000000100000000)
 ParOldGen       total 175104K, used 12150K [0x00000000e0000000, 0x00000000eab00000, 0x00000000f5580000)
  object space 175104K, 6% used [0x00000000e0000000,0x00000000e0bdd9f0,0x00000000eab00000)
 Metaspace       used 33972K, capacity 35338K, committed 35456K, reserved 1079296K
  class space    used 4845K, capacity 5158K, committed 5248K, reserved 1048576K
Event: 2.395 GC heap after
Heap after GC invocations=7 (full 1):
 PSYoungGen      total 160256K, used 8277K [0x00000000f5580000, 0x0000000100000000, 0x0000000100000000)
  eden space 145408K, 0% used [0x00000000f5580000,0x00000000f5580000,0x00000000fe380000)
  from space 14848K, 55% used [0x00000000ff180000,0x00000000ff995550,0x0000000100000000)
  to   space 14336K, 0% used [0x00000000fe380000,0x00000000fe380000,0x00000000ff180000)
 ParOldGen       total 175104K, used 12158K [0x00000000e0000000, 0x00000000eab00000, 0x00000000f5580000)
  object space 175104K, 6% used [0x00000000e0000000,0x00000000e0bdf9f0,0x00000000eab00000)
 Metaspace       used 33972K, capacity 35338K, committed 35456K, reserved 1079296K
  class space    used 4845K, capacity 5158K, committed 5248K, reserved 1048576K
}
Event: 2.395 GC heap before
{Heap before GC invocations=8 (full 2):
 PSYoungGen      total 160256K, used 8277K [0x00000000f5580000, 0x0000000100000000, 0x0000000100000000)
  eden space 145408K, 0% used [0x00000000f5580000,0x00000000f5580000,0x00000000fe380000)
  from space 14848K, 55% used [0x00000000ff180000,0x00000000ff995550,0x0000000100000000)
  to   space 14336K, 0% used [0x00000000fe380000,0x00000000fe380000,0x00000000ff180000)
 ParOldGen       total 175104K, used 12158K [0x00000000e0000000, 0x00000000eab00000, 0x00000000f5580000)
  object space 175104K, 6% used [0x00000000e0000000,0x00000000e0bdf9f0,0x00000000eab00000)
 Metaspace       used 33972K, capacity 35338K, committed 35456K, reserved 1079296K
  class space    used 4845K, capacity 5158K, committed 5248K, reserved 1048576K
Event: 2.416 GC heap after
Heap after GC invocations=8 (full 2):
 PSYoungGen      total 160256K, used 0K [0x00000000f5580000, 0x0000000100000000, 0x0000000100000000)
  eden space 145408K, 0% used [0x00000000f5580000,0x00000000f5580000,0x00000000fe380000)
  from space 14848K, 0% used [0x00000000ff180000,0x00000000ff180000,0x0000000100000000)
  to   space 14336K, 0% used [0x00000000fe380000,0x00000000fe380000,0x00000000ff180000)
 ParOldGen       total 175104K, used 15509K [0x00000000e0000000, 0x00000000eab00000, 0x00000000f5580000)
  object space 175104K, 8% used [0x00000000e0000000,0x00000000e0f255d8,0x00000000eab00000)
 Metaspace       used 33972K, capacity 35338K, committed 35456K, reserved 1079296K
  class space    used 4845K, capacity 5158K, committed 5248K, reserved 1048576K
}

